{"/home/marktyers/Documents/305CDE/labs/07 NodeJS Testing/01 Unit Testing/shopping/modules/shopping.js":{"path":"/home/marktyers/Documents/305CDE/labs/07 NodeJS Testing/01 Unit Testing/shopping/modules/shopping.js","s":{"1":1,"2":1,"3":1,"4":4,"5":4,"6":0,"7":0,"8":4,"9":1,"10":2,"11":1,"12":1,"13":1,"14":1,"15":1,"16":0,"17":1,"18":0,"19":1,"20":0},"b":{"1":[4,0]},"f":{},"fnMap":{},"statementMap":{"1":{"start":{"line":2,"column":0},"end":{"line":2,"column":34}},"2":{"start":{"line":3,"column":0},"end":{"line":3,"column":19}},"3":{"start":{"line":6,"column":0},"end":{"line":17,"column":2}},"4":{"start":{"line":8,"column":1},"end":{"line":15,"column":2}},"5":{"start":{"line":10,"column":2},"end":{"line":10,"column":46}},"6":{"start":{"line":13,"column":2},"end":{"line":13,"column":43}},"7":{"start":{"line":14,"column":2},"end":{"line":14,"column":54}},"8":{"start":{"line":16,"column":1},"end":{"line":16,"column":12}},"9":{"start":{"line":20,"column":0},"end":{"line":22,"column":2}},"10":{"start":{"line":21,"column":1},"end":{"line":21,"column":24}},"11":{"start":{"line":25,"column":0},"end":{"line":27,"column":1}},"12":{"start":{"line":26,"column":1},"end":{"line":26,"column":20}},"13":{"start":{"line":30,"column":0},"end":{"line":32,"column":1}},"14":{"start":{"line":31,"column":1},"end":{"line":31,"column":24}},"15":{"start":{"line":34,"column":0},"end":{"line":36,"column":1}},"16":{"start":{"line":35,"column":1},"end":{"line":35,"column":40}},"17":{"start":{"line":39,"column":0},"end":{"line":41,"column":1}},"18":{"start":{"line":40,"column":1},"end":{"line":40,"column":27}},"19":{"start":{"line":44,"column":0},"end":{"line":46,"column":1}},"20":{"start":{"line":45,"column":1},"end":{"line":45,"column":26}}},"branchMap":{"1":{"line":8,"type":"if","locations":[{"start":{"line":8,"column":1},"end":{"line":8,"column":1}},{"start":{"line":8,"column":1},"end":{"line":8,"column":1}}]}}}}